2023-08-09 10:17:51,979-scrap_v3.py-INFO-loading projection weights 
2023-08-09 17:34:54,711-etl_extract.py-INFO-loading projection weights from models/wiki.es.vec
2023-08-09 17:35:08,735-etl_extract.py-INFO-KeyedVectors lifecycle event {'msg': 'loaded (100000, 300) matrix of type float32 from models/wiki.es.vec', 'binary': False, 'encoding': 'utf8', 'datetime': '2023-08-09T17:35:08.719868', 'gensim': '4.3.1', 'python': '3.9.13 (main, Aug 25 2022, 23:26:10) \n[GCC 11.2.0]', 'platform': 'Linux-5.15.0-78-generic-x86_64-with-glibc2.35', 'event': 'load_word2vec_format'}
2023-08-09 17:35:14,338-etl_extract.py-CRITICAL-[REQUEST FAILED] 404 Client Error: Not Found for url: https://www.analisisdigital.com.ar/feed
2023-08-09 17:35:14,342-etl_extract.py-CRITICAL-[REQUEST FAILED] 404 Client Error: Not Found for url: https://www.analisisdigital.com.ar/feeds
2023-08-09 17:35:14,424-etl_extract.py-CRITICAL-[REQUEST FAILED] 404 Client Error: Not Found for url: https://www.analisisdigital.com.ar/rss
2023-08-09 17:35:25,453-etl_extract.py-INFO--START:2023-08-09 17:34:54 - END:2023-08-09 17:35:25
2023-08-09 17:37:17,843-etl_extract.py-INFO-loading projection weights from models/wiki.es.vec
2023-08-09 17:37:32,079-etl_extract.py-INFO-KeyedVectors lifecycle event {'msg': 'loaded (100000, 300) matrix of type float32 from models/wiki.es.vec', 'binary': False, 'encoding': 'utf8', 'datetime': '2023-08-09T17:37:32.063363', 'gensim': '4.3.1', 'python': '3.9.13 (main, Aug 25 2022, 23:26:10) \n[GCC 11.2.0]', 'platform': 'Linux-5.15.0-78-generic-x86_64-with-glibc2.35', 'event': 'load_word2vec_format'}
2023-08-09 17:37:35,981-etl_extract.py-CRITICAL-[REQUEST FAILED] 404 Client Error: Not Found for url: https://www.infobae.com/rss/
2023-08-09 17:37:36,035-etl_extract.py-CRITICAL-[REQUEST FAILED] 404 Client Error: Not Found for url: https://www.infobae.com/feeds/
2023-08-09 17:37:36,108-etl_extract.py-CRITICAL-[REQUEST FAILED] 404 Client Error: Not Found for url: https://www.infobae.com/feed/
2023-08-09 17:37:42,513-etl_extract.py-INFO--START:2023-08-09 17:37:17 - END:2023-08-09 17:37:42
2023-08-09 18:04:06,725-etl_extract.py-INFO-loading projection weights from models/wiki.es.vec
2023-08-09 18:04:22,535-etl_extract.py-INFO-KeyedVectors lifecycle event {'msg': 'loaded (100000, 300) matrix of type float32 from models/wiki.es.vec', 'binary': False, 'encoding': 'utf8', 'datetime': '2023-08-09T18:04:22.517941', 'gensim': '4.3.1', 'python': '3.9.13 (main, Aug 25 2022, 23:26:10) \n[GCC 11.2.0]', 'platform': 'Linux-5.15.0-78-generic-x86_64-with-glibc2.35', 'event': 'load_word2vec_format'}
2023-08-09 18:04:26,129-etl_extract.py-CRITICAL-[REQUEST FAILED] 404 Client Error: Not Found for url: https://www.infobae.com/feeds/
2023-08-09 18:04:26,282-etl_extract.py-CRITICAL-[REQUEST FAILED] 404 Client Error: Not Found for url: https://www.infobae.com/feed/
2023-08-09 18:04:26,296-etl_extract.py-CRITICAL-[REQUEST FAILED] 404 Client Error: Not Found for url: https://www.infobae.com/rss/
2023-08-09 18:08:05,141-etl_extract.py-INFO-loading projection weights from models/wiki.es.vec
2023-08-09 18:08:18,367-etl_extract.py-INFO-KeyedVectors lifecycle event {'msg': 'loaded (100000, 300) matrix of type float32 from models/wiki.es.vec', 'binary': False, 'encoding': 'utf8', 'datetime': '2023-08-09T18:08:18.350871', 'gensim': '4.3.1', 'python': '3.9.13 (main, Aug 25 2022, 23:26:10) \n[GCC 11.2.0]', 'platform': 'Linux-5.15.0-78-generic-x86_64-with-glibc2.35', 'event': 'load_word2vec_format'}
2023-08-09 18:08:20,737-etl_extract.py-CRITICAL-[REQUEST FAILED] 404 Client Error: Not Found for url: https://www.infobae.com/feeds/
2023-08-09 18:08:20,980-etl_extract.py-CRITICAL-[REQUEST FAILED] 404 Client Error: Not Found for url: https://www.infobae.com/rss/
2023-08-09 18:08:21,562-etl_extract.py-CRITICAL-[REQUEST FAILED] 404 Client Error: Not Found for url: https://www.infobae.com/feed/
2023-08-09 18:08:23,972-etl_extract.py-ERROR-An error occurred while processing https://www.infobae.com/
Traceback (most recent call last):
  File "/home/sebacastillo/willow/etl_extract.py", line 148, in main
    date, content, link, author = download_and_parse_article(u)
  File "/home/sebacastillo/willow/src/extraction.py", line 69, in download_and_parse_article
    author = ','.join(author)
TypeError: can only join an iterable
2023-08-09 18:14:23,137-etl_extract.py-INFO-loading projection weights from models/wiki.es.vec
2023-08-09 18:14:36,764-etl_extract.py-INFO-KeyedVectors lifecycle event {'msg': 'loaded (100000, 300) matrix of type float32 from models/wiki.es.vec', 'binary': False, 'encoding': 'utf8', 'datetime': '2023-08-09T18:14:36.749262', 'gensim': '4.3.1', 'python': '3.9.13 (main, Aug 25 2022, 23:26:10) \n[GCC 11.2.0]', 'platform': 'Linux-5.15.0-78-generic-x86_64-with-glibc2.35', 'event': 'load_word2vec_format'}
2023-08-09 18:14:49,134-etl_extract.py-CRITICAL-[REQUEST FAILED] 404 Client Error: Not Found for url: https://www.infobae.com/feed/
2023-08-09 18:14:49,648-etl_extract.py-CRITICAL-[REQUEST FAILED] 404 Client Error: Not Found for url: https://www.infobae.com/feeds/
2023-08-09 18:14:49,648-etl_extract.py-CRITICAL-[REQUEST FAILED] 404 Client Error: Not Found for url: https://www.infobae.com/rss/
2023-08-09 18:14:52,027-etl_extract.py-ERROR-An error occurred while processing https://www.infobae.com/
Traceback (most recent call last):
  File "/home/sebacastillo/willow/etl_extract.py", line 148, in main
    date, content, link, author = download_and_parse_article(u)
  File "/home/sebacastillo/willow/src/extraction.py", line 69, in download_and_parse_article
    str_list = [str(item) for item in author]
TypeError: 'NoneType' object is not iterable
2023-08-09 18:15:38,546-etl_extract.py-INFO-loading projection weights from models/wiki.es.vec
2023-08-09 18:15:52,736-etl_extract.py-INFO-KeyedVectors lifecycle event {'msg': 'loaded (100000, 300) matrix of type float32 from models/wiki.es.vec', 'binary': False, 'encoding': 'utf8', 'datetime': '2023-08-09T18:15:52.721137', 'gensim': '4.3.1', 'python': '3.9.13 (main, Aug 25 2022, 23:26:10) \n[GCC 11.2.0]', 'platform': 'Linux-5.15.0-78-generic-x86_64-with-glibc2.35', 'event': 'load_word2vec_format'}
2023-08-09 18:15:56,383-etl_extract.py-CRITICAL-[REQUEST FAILED] 404 Client Error: Not Found for url: https://www.infobae.com/rss/
2023-08-09 18:15:56,391-etl_extract.py-CRITICAL-[REQUEST FAILED] 404 Client Error: Not Found for url: https://www.infobae.com/feed/
2023-08-09 18:15:56,396-etl_extract.py-CRITICAL-[REQUEST FAILED] 404 Client Error: Not Found for url: https://www.infobae.com/feeds/
2023-08-09 18:16:10,029-etl_extract.py-INFO--START:2023-08-09 18:15:38 - END:2023-08-09 18:16:10
